<?xml version="1.0" encoding="UTF-8"?>
<testsuite xmlns:xsi="http://www.w3.org/2001/XMLSchema-instance" xsi:noNamespaceSchemaLocation="https://maven.apache.org/surefire/maven-surefire-plugin/xsd/surefire-test-report-3.0.xsd" version="3.0" name="com.hsbc.iwpb.entity.service.AccountBalanceTransanctionHistoryServiceTest" time="0.267" tests="5" errors="0" skipped="0" failures="0">
  <properties>
[...]
</properties>
  <testcase name="findByTransactionId_returnsHistory" classname="com.hsbc.iwpb.entity.service.AccountBalanceTransanctionHistoryServiceTest" time="0.22"/>
  <testcase name="save_callsMapperInsert" classname="com.hsbc.iwpb.entity.service.AccountBalanceTransanctionHistoryServiceTest" time="0.021"/>
  <testcase name="findByDestinationAccountNumber_returnsList" classname="com.hsbc.iwpb.entity.service.AccountBalanceTransanctionHistoryServiceTest" time="0.011"/>
  <testcase name="listAll_returnsAll" classname="com.hsbc.iwpb.entity.service.AccountBalanceTransanctionHistoryServiceTest" time="0.004"/>
  <testcase name="findBySourceAccountNumber_returnsList" classname="com.hsbc.iwpb.entity.service.AccountBalanceTransanctionHistoryServiceTest" time="0.002"/>
</testsuite>